[2025-11-07 21:55:57] [INFO] Daily Attendance time_in updated | Employee: Justine Paul Alianza (MA22013612) | time_in=21:55:57 | late_minutes=0
[2025-11-07 21:55:57] [INFO] Employee: Justine Paul Alianza (MA22013612) | Type: TIME_IN | Status: Time In: On-time
[2025-11-07 22:00:27] [INFO] Daily Attendance time_out updated | Employee: Justine Paul Alianza (MA22013612) | time_out=22:00:27 | scheduled_hours=1.98h | actual_hours=0.02h | status=complete | early_departure=118min | overtime=0
[2025-11-07 22:00:27] [INFO] Employee: Justine Paul Alianza (MA22013612) | Type: TIME_OUT | Status: Time Out: Undertime by 59 minutes
[2025-11-07 22:24:16] [INFO] Daily Attendance time_in updated | Employee: Justine Paul Alianza (MA22013612) | time_in=22:24:16 | late_minutes=4
[2025-11-07 22:24:16] [INFO] Employee: Justine Paul Alianza (MA22013612) | Type: TIME_IN | Status: Time In: Late by 4 minutes
[2025-11-07 22:26:05] [INFO] Daily Attendance time_out updated | Employee: Justine Paul Alianza (MA22013612) | time_out=22:26:05 | scheduled_hours=0.67h | actual_hours=0.05h | status=complete | early_departure=33min | overtime=0
[2025-11-07 22:26:05] [INFO] Employee: Justine Paul Alianza (MA22013612) | Type: TIME_OUT | Status: Time Out: Undertime by 3 minutes
[2025-11-07 22:32:54] [INFO] Daily Attendance time_in updated | Employee: James Salonga (MA22013613) | time_in=22:32:54 | late_minutes=2
[2025-11-07 22:32:54] [INFO] Employee: James Salonga (MA22013613) | Type: TIME_IN | Status: Time In: Late by 2 minutes
[2025-11-07 22:34:28] [INFO] Daily Attendance time_out updated | Employee: James Salonga (MA22013613) | time_out=22:34:28 | scheduled_hours=0.50h | actual_hours=0.05h | status=complete | early_departure=25min | overtime=0
[2025-11-07 22:34:28] [INFO] Employee: James Salonga (MA22013613) | Type: TIME_OUT | Status: Time Out: Undertime by 25 minutes
[2025-11-07 22:36:48] [INFO] Daily Attendance time_in updated | Employee: James Salonga (MA22013613) | time_in=22:36:48 | late_minutes=6
[2025-11-07 22:36:48] [INFO] Employee: James Salonga (MA22013613) | Type: TIME_IN | Status: Time In: Late by 6 minutes
[2025-11-07 22:37:14] [INFO] Daily Attendance time_out updated | Employee: James Salonga (MA22013613) | time_out=22:37:14 | scheduled_hours=0.50h | actual_hours=0.03h | status=complete | early_departure=22min | overtime=0
[2025-11-07 22:37:14] [INFO] Employee: James Salonga (MA22013613) | Type: TIME_OUT | Status: Time Out: Undertime by 22 minutes
[2025-11-07 22:47:45] [INFO] Daily Attendance time_in updated | Employee: Justine Paul Alianza (MA22013612) | time_in=22:47:45 | late_minutes=27
[2025-11-07 22:47:45] [INFO] Employee: Justine Paul Alianza (MA22013612) | Type: TIME_IN | Status: Time In: Late by 27 minutes
[2025-11-07 22:48:46] [INFO] Daily Attendance time_out updated | Employee: Justine Paul Alianza (MA22013612) | time_out=22:48:45 | scheduled_hours=40min (0.67h) | actual_hours=2min (0.03h) | status=complete | early_departure=11min | overtime=0
[2025-11-07 22:48:46] [INFO] Employee: Justine Paul Alianza (MA22013612) | Type: TIME_OUT | Status: Time Out: Overtime by 18 minutes
[2025-11-07 22:52:56] [INFO] Daily Attendance time_in updated | Employee: Justine Paul Alianza (MA22013612) | time_in=22:52:56 | late_minutes=0
[2025-11-07 22:52:56] [INFO] Employee: Justine Paul Alianza (MA22013612) | Type: TIME_IN | Status: Time In: On-time
[2025-11-07 22:55:13] [INFO] Daily Attendance time_out updated | Employee: Justine Paul Alianza (MA22013612) | time_out=22:55:13 | scheduled_hours=30min (0.50h) | actual_hours=0min (0.00h) | status=complete | early_departure=34min | overtime=0
[2025-11-07 22:55:13] [INFO] Employee: Justine Paul Alianza (MA22013612) | Type: TIME_OUT | Status: Time Out: Undertime by 34 minutes
[2025-11-07 23:12:09] [INFO] Daily Attendance time_in updated | Employee: James Alianza (MA22013612) | time_in=23:12:09 | late_minutes=12
[2025-11-07 23:12:09] [INFO] Employee: James Alianza (MA22013612) | Type: TIME_IN | Status: Time In: Late by 12 minutes
[2025-11-07 23:12:20] [INFO] Daily Attendance time_out updated | Employee: James Alianza (MA22013612) | time_out=23:12:20 | scheduled_hours=30min (0.50h) | actual_hours=1min (0.02h) | status=complete | early_departure=17min | overtime=0
[2025-11-07 23:12:20] [INFO] Employee: James Alianza (MA22013612) | Type: TIME_OUT | Status: Time Out: Undertime by 17 minutes
[2025-11-07 23:15:38] [INFO] Daily Attendance time_in updated | Employee: James Alianza (MA22013612) | time_in=23:15:38 | late_minutes=15
[2025-11-07 23:15:38] [INFO] Employee: James Alianza (MA22013612) | Type: TIME_IN | Status: Time In: Late by 15 minutes
[2025-11-07 23:15:44] [INFO] Daily Attendance time_out updated | Employee: James Alianza (MA22013612) | time_out=23:15:44 | scheduled_hours=30min (0.50h) | actual_hours=1min (0.02h) | status=complete | early_departure=14min | overtime=0
[2025-11-07 23:15:44] [INFO] Employee: James Alianza (MA22013612) | Type: TIME_OUT | Status: Time Out: Undertime by 14 minutes
[2025-11-07 23:17:49] [INFO] Daily Attendance time_in updated | Employee: James Alianza (MA22013612) | time_in=23:17:49 | late_minutes=17
[2025-11-07 23:17:49] [INFO] Employee: James Alianza (MA22013612) | Type: TIME_IN | Status: Time In: Late by 17 minutes
[2025-11-07 23:17:54] [INFO] Daily Attendance time_out updated | Employee: James Alianza (MA22013612) | time_out=23:17:54 | scheduled_hours=30min (0.50h) | actual_hours=1min (0.02h) | status=complete | early_departure=12min | overtime=0
[2025-11-07 23:17:54] [INFO] Employee: James Alianza (MA22013612) | Type: TIME_OUT | Status: Time Out: Undertime by 12 minutes
[2025-11-07 23:34:20] [INFO] Daily Attendance time_in updated | Employee: James Alianza (MA22013612) | time_in=23:34:20 | late_minutes=34
[2025-11-07 23:34:20] [INFO] Employee: James Alianza (MA22013612) | Type: TIME_IN | Status: Time In: Late by 34 minutes
[2025-11-07 23:56:53] [INFO] Daily Attendance time_out updated | Employee: James Alianza (MA22013612) | time_out=23:56:53 | scheduled_hours=30min (0.50h) | actual_hours=0min (0.00h) | status=complete | early_departure=0 | overtime=26min
[2025-11-07 23:56:53] [INFO] Employee: James Alianza (MA22013612) | Type: TIME_OUT | Status: Time Out: Overtime by 26 minutes
[2025-11-07 23:59:55] [INFO] Daily Attendance time_in updated | Employee: James Alianza (MA22013612) | time_in=23:59:55 | late_minutes=59
[2025-11-07 23:59:55] [INFO] Employee: James Alianza (MA22013612) | Type: TIME_IN | Status: Time In: Late by 59 minutes
[2025-11-08 00:00:03] [INFO] Daily Attendance time_in updated | Employee: James Alianza (MA22013612) | time_in=00:00:03 | late_minutes=0
[2025-11-08 00:00:03] [INFO] Employee: James Alianza (MA22013612) | Type: TIME_IN | Status: Time In: On-time
[2025-11-08 00:00:08] [INFO] Daily Attendance time_out updated | Employee: James Alianza (MA22013612) | time_out=00:00:08 | scheduled_hours=120min (2.00h) | actual_hours=0min (0.00h) | status=complete | early_departure=719min | overtime=0
[2025-11-08 00:00:08] [INFO] Employee: James Alianza (MA22013612) | Type: TIME_OUT | Status: Time Out: Undertime by 719 minutes
[2025-11-08 00:12:01] [INFO] Daily Attendance time_in updated | Employee: James Alianza (MA22013612) | time_in=00:12:01 | late_minutes=0
[2025-11-08 00:12:01] [INFO] Employee: James Alianza (MA22013612) | Type: TIME_IN | Status: Time In: On-time
[2025-11-09 11:27:14] [INFO] Daily Attendance time_in updated | Employee: James Alianza (MA22013612) | time_in=11:27:14 | late_minutes=0
[2025-11-09 11:27:14] [INFO] Employee: James Alianza (MA22013612) | Type: TIME_IN | Status: Time In: No schedule assigned
[2025-11-09 11:50:53] [INFO] Daily Attendance time_out updated | Employee: James Alianza (MA22013612) | time_out=11:50:53 | scheduled_hours=0min (0.00h) | actual_hours=0min (0.00h) | status=complete | early_departure=0 | overtime=0
[2025-11-09 11:50:53] [INFO] Employee: James Alianza (MA22013612) | Type: TIME_OUT | Status: Time Out: No schedule assigned
[2025-11-09 12:54:46] [INFO] Daily Attendance time_in updated | Employee: James Alianza (MA22013612) | time_in=12:54:46 | late_minutes=174
[2025-11-09 12:54:46] [INFO] Employee: James Alianza (MA22013612) | Type: TIME_IN | Status: Time In: Late by 174 minutes
[2025-11-09 12:55:39] [INFO] Daily Attendance time_out updated | Employee: James Alianza (MA22013612) | time_out=12:55:39 | scheduled_hours=180min (3.00h) | actual_hours=2min (0.03h) | status=complete | early_departure=4min | overtime=0
[2025-11-09 12:55:39] [INFO] Employee: James Alianza (MA22013612) | Type: TIME_OUT | Status: Time Out: Undertime by 4 minutes
[2025-11-09 12:50:38] [INFO] Daily Attendance time_in updated | Employee: James Alianza (MA22013612) | time_in=12:50:38 | late_minutes=170
[2025-11-09 12:50:38] [INFO] Employee: James Alianza (MA22013612) | Type: TIME_IN | Status: Time In: Late by 170 minutes
[2025-11-09 12:51:00] [INFO] Daily Attendance time_out updated | Employee: James Alianza (MA22013612) | time_out=12:51:00 | scheduled_hours=180min (3.00h) | actual_hours=2min (0.03h) | status=complete | early_departure=8min | overtime=0
[2025-11-09 12:51:00] [INFO] Employee: James Alianza (MA22013612) | Type: TIME_OUT | Status: Time Out: Undertime by 8 minutes
[2025-11-09 12:59:08] [INFO] Daily Attendance time_in updated | Employee: James Alianza (MA22013612) | time_in=12:59:08 | late_minutes=179
[2025-11-09 12:59:08] [INFO] Employee: James Alianza (MA22013612) | Type: TIME_IN | Status: Time In: Late by 179 minutes
[2025-11-09 12:03:13] [INFO] Daily Attendance time_in updated | Employee: James Alianza (MA22013612) | time_in=12:03:13 | late_minutes=123
[2025-11-09 12:03:13] [INFO] Employee: James Alianza (MA22013612) | Type: TIME_IN | Status: Time In: Late by 123 minutes
[2025-11-09 12:03:25] [INFO] Daily Attendance time_out updated | Employee: James Alianza (MA22013612) | time_out=12:03:25 | scheduled_hours=180min (3.00h) | actual_hours=1min (0.02h) | status=complete | early_departure=56min | overtime=0
[2025-11-09 12:03:25] [INFO] Employee: James Alianza (MA22013612) | Type: TIME_OUT | Status: Time Out: Undertime by 56 minutes
[2025-11-11 23:14:46] [INFO] Daily Attendance time_in updated | Employee: Justine Alianza (MA22013612) | time_in=23:14:46 | late_minutes=14
[2025-11-11 23:14:46] [INFO] Employee: Justine Alianza (MA22013612) | Type: TIME_IN | Status: Time In: Late by 974 minutes
[2025-11-11 23:17:10] [INFO] Daily Attendance time_out updated | Employee: Justine Alianza (MA22013612) | time_out=23:17:10 | scheduled_hours=-660min (-11.00h) | actual_hours=345min (5.75h) | status=complete | early_departure=0 | overtime=677min
[2025-11-11 23:17:10] [INFO] Employee: Justine Alianza (MA22013612) | Type: TIME_OUT | Status: Time Out: Overtime by 677 minutes
[2025-11-11 23:31:49] [INFO] Daily Attendance time_in updated | Employee: Justine Alianza (MA22013612) | time_in=23:31:49 | late_minutes=31
[2025-11-11 23:31:49] [INFO] Employee: Justine Alianza (MA22013612) | Type: TIME_IN | Status: Time In: Late by 991 minutes
[2025-11-11 23:40:03] [INFO] Daily Attendance time_in updated | Employee: Justine Alianza (MA22013612) | time_in=23:40:03 | late_minutes=40
[2025-11-11 23:40:03] [INFO] Employee: Justine Alianza (MA22013612) | Type: TIME_IN | Status: Time In: Late by 40 minutes
[2025-11-11 23:45:10] [INFO] Daily Attendance time_in updated | Employee: Justine Alianza (MA22013612) | time_in=23:45:10 | late_minutes=45
[2025-11-11 23:45:10] [INFO] Employee: Justine Alianza (MA22013612) | Type: TIME_IN | Status: Time In: Late by 45 minutes
[2025-11-11 23:46:29] [INFO] Daily Attendance time_in updated | Employee: Justine Alianza (MA22013612) | time_in=23:46:29 | late_minutes=1006
[2025-11-11 23:46:29] [INFO] Employee: Justine Alianza (MA22013612) | Type: TIME_IN | Status: Time In: Late by 1006 minutes
[2025-11-11 23:48:59] [INFO] Daily Attendance time_out only (no time_in) | Employee: Justine Alianza (MA22013612) | time_out=23:48:59 | status=incomplete
[2025-11-11 23:48:59] [INFO] Employee: Justine Alianza (MA22013612) | Type: TIME_OUT | Status: Time Out: Undertime by 10 minutes
[2025-11-11 23:53:57] [INFO] Daily Attendance time_in updated | Employee: Justine Alianza (MA22013612) | time_in=23:53:57 | late_minutes=1013
[2025-11-11 23:53:57] [INFO] Employee: Justine Alianza (MA22013612) | Type: TIME_IN | Status: Time In: Late by 1013 minutes
[2025-11-11 23:54:56] [INFO] Daily Attendance time_out updated | Employee: Justine Alianza (MA22013612) | time_out=23:54:56 | scheduled_hours=1019min (16.98h) | actual_hours=0min (0.00h) | status=complete | early_departure=4min | overtime=0
[2025-11-11 23:54:56] [INFO] Employee: Justine Alianza (MA22013612) | Type: TIME_OUT | Status: Time Out: Undertime by 4 minutes
[2025-11-12 16:19:37] [INFO] Daily Attendance time_in updated | Employee: Mike Enriques (MA22013613) | time_in=16:19:37 | late_minutes=559
[2025-11-12 16:19:37] [INFO] Employee: Mike Enriques (MA22013613) | Type: TIME_IN | Status: Time In: Late by 559 minutes
[2025-11-12 18:09:59] [INFO] Daily Attendance time_out updated | Employee: Mike Enriques (MA22013613) | time_out=18:09:59 | scheduled_hours=660min (11.00h) | actual_hours=0min (0.00h) | status=complete | early_departure=0 | overtime=9min
[2025-11-12 18:09:59] [INFO] Employee: Mike Enriques (MA22013613) | Type: TIME_OUT | Status: Time Out: Overtime by 9 minutes
[2025-11-12 22:30:14] [INFO] Daily Attendance time_in updated | Employee: Mike Enriques (MA22013613) | time_in=22:30:14 | late_minutes=930
[2025-11-12 22:30:14] [INFO] Employee: Mike Enriques (MA22013613) | Type: TIME_IN | Notes: Time In: Late by 930 minutes
[2025-11-12 22:30:44] [INFO] Daily Attendance time_out updated | Employee: Mike Enriques (MA22013613) | time_out=22:30:44 | scheduled_hours=420min (7.00h) | actual_hours=0min (0.00h) | status=complete | early_departure=0 | overtime=270min
[2025-11-12 22:30:44] [INFO] Employee: Mike Enriques (MA22013613) | Type: TIME_OUT | Notes: Time Out: Overtime by 270 minutes
[2025-11-14 19:00:22] [INFO] Daily Attendance time_in updated | Employee: Mike Enriques (MA22013613) | time_in=19:00:22 | late_minutes=0
[2025-11-14 19:00:22] [INFO] Employee: Mike Enriques (MA22013613) | Type: TIME_IN | Notes: Time In: Late by 0 minutes
[2025-11-14 19:11:33] [INFO] Daily Attendance time_out updated | Employee: Mike Enriques (MA22013613) | time_out=19:11:33 | scheduled_hours=60min (1.00h) | actual_hours=11min (0.18h) | status=complete | early_departure=48min | overtime=0
[2025-11-14 19:11:33] [INFO] Employee: Mike Enriques (MA22013613) | Type: TIME_OUT | Notes: Time Out: Undertime by 48 minutes
[2025-11-14 19:17:33] [INFO] Daily Attendance time_out updated | Employee: Mike Enriques (MA22013613) | time_out=19:17:33 | scheduled_hours=60min (1.00h) | actual_hours=17min (0.28h) | status=complete | early_departure=42min | overtime=0
[2025-11-14 19:17:33] [INFO] Employee: Mike Enriques (MA22013613) | Type: TIME_OUT | Notes: Time Out: Undertime by 42 minutes
[2025-11-15 19:41:43] [INFO] Daily Attendance time_in updated | Employee: Mike Enriques (MA22013613) | time_in=19:41:43 | late_minutes=1
[2025-11-15 19:41:43] [INFO] Employee: Mike Enriques (MA22013613) | Type: TIME_IN | Notes: Time In: Late by 1 minute
[2025-11-15 21:54:19] [INFO] Daily Attendance time_in updated | Employee: Mike Enriques (MA22013613) | time_in=21:54:19 | late_minutes=134
[2025-11-15 21:54:19] [INFO] Employee: Mike Enriques (MA22013613) | Type: TIME_IN | Notes: Time In: Late by 134 minutes
